<?xml version="1.0" encoding="UTF-8"?>
<!-- Generated by org.testng.reporters.JUnitReportReporter -->
<testsuite hostname="DESKTOP-5LEOOHR" failures="0" tests="1" name="com.initBankingTestCases.TestCase01" time="7.892" errors="0" timestamp="27 Jul 2020 10:16:36 GMT" skipped="0">
  <testcase classname="com.initBankingTestCases.TestCase01" name="loginTest" time="7.892"/>
</testsuite> <!-- com.initBankingTestCases.TestCase01 -->
